222  TRACE org.hayabaya.RunSettings: entry with (inteli7, small, 4)
224  TRACE org.hayabaya.RunSettings: entry with (inteli7)
224  TRACE org.hayabaya.RunSettings: exit
225  TRACE org.hayabaya.RunSettings: entry with (small)
225  TRACE org.hayabaya.RunSettings: entry with ([10, 20, 1], [10, 200, 20])
225  TRACE org.hayabaya.RunSettings: entry with (10, 20, 1)
225  TRACE org.hayabaya.RunSettings: entry with ([10, 11, 12, 13, 14, 15, 16, 17, 18, 19, 20])
225  TRACE org.hayabaya.RunSettings: exit with ([10, 11, 12, 13, 14, 15, 16, 17, 18, 19, 20])
225  TRACE org.hayabaya.RunSettings: exit with ([10, 11, 12, 13, 14, 15, 16, 17, 18, 19, 20])
225  TRACE org.hayabaya.RunSettings: entry with (10, 200, 20)
226  TRACE org.hayabaya.RunSettings: entry with ([10, 30, 50, 70, 90, 110, 130, 150, 170, 190, 210])
227  TRACE org.hayabaya.RunSettings: exit with ([10, 30, 50, 70, 90, 110, 130, 150, 170, 190, 210])
227  TRACE org.hayabaya.RunSettings: exit with ([10, 30, 50, 70, 90, 110, 130, 150, 170, 190, 210])
227  TRACE org.hayabaya.RunSettings: exit
228  TRACE org.hayabaya.RunSettings: exit
228  TRACE org.hayabaya.RunSettings: entry with (4)
228  TRACE org.hayabaya.RunSettings: exit
223  TRACE org.hayabaya.RunSettings: entry with (inteli7, small, 4)
226  TRACE org.hayabaya.RunSettings: entry with (inteli7)
226  TRACE org.hayabaya.RunSettings: exit
226  TRACE org.hayabaya.RunSettings: entry with (small)
226  TRACE org.hayabaya.RunSettings: entry with ([10, 20, 1], [10, 200, 20])
226  TRACE org.hayabaya.RunSettings: entry with (10, 20, 1)
226  TRACE org.hayabaya.RunSettings: entry with ([10, 11, 12, 13, 14, 15, 16, 17, 18, 19, 20])
227  TRACE org.hayabaya.RunSettings: exit with ([10, 11, 12, 13, 14, 15, 16, 17, 18, 19, 20])
227  TRACE org.hayabaya.RunSettings: exit with ([10, 11, 12, 13, 14, 15, 16, 17, 18, 19, 20])
227  TRACE org.hayabaya.RunSettings: entry with (10, 200, 20)
227  TRACE org.hayabaya.RunSettings: entry with ([10, 30, 50, 70, 90, 110, 130, 150, 170, 190, 210])
227  TRACE org.hayabaya.RunSettings: exit with ([10, 30, 50, 70, 90, 110, 130, 150, 170, 190, 210])
227  TRACE org.hayabaya.RunSettings: exit with ([10, 30, 50, 70, 90, 110, 130, 150, 170, 190, 210])
227  TRACE org.hayabaya.RunSettings: exit
227  TRACE org.hayabaya.RunSettings: exit
227  TRACE org.hayabaya.RunSettings: entry with (4)
227  TRACE org.hayabaya.RunSettings: exit
185  TRACE org.hayabaya.RunSettings: entry with (inteli7, small, 4)
187  TRACE org.hayabaya.RunSettings: entry with (inteli7)
187  TRACE org.hayabaya.RunSettings: exit
187  TRACE org.hayabaya.RunSettings: entry with (small)
188  TRACE org.hayabaya.RunSettings: entry with ([10, 20, 1], [10, 200, 20])
188  TRACE org.hayabaya.RunSettings: entry with (10, 20, 1)
188  TRACE org.hayabaya.RunSettings: entry with ([10, 11, 12, 13, 14, 15, 16, 17, 18, 19, 20])
188  TRACE org.hayabaya.RunSettings: exit with ([10, 11, 12, 13, 14, 15, 16, 17, 18, 19, 20])
188  TRACE org.hayabaya.RunSettings: exit with ([10, 11, 12, 13, 14, 15, 16, 17, 18, 19, 20])
188  TRACE org.hayabaya.RunSettings: entry with (10, 200, 20)
188  TRACE org.hayabaya.RunSettings: entry with ([10, 30, 50, 70, 90, 110, 130, 150, 170, 190, 210])
188  TRACE org.hayabaya.RunSettings: exit with ([10, 30, 50, 70, 90, 110, 130, 150, 170, 190, 210])
188  TRACE org.hayabaya.RunSettings: exit with ([10, 30, 50, 70, 90, 110, 130, 150, 170, 190, 210])
189  TRACE org.hayabaya.RunSettings: exit
189  TRACE org.hayabaya.RunSettings: exit
189  TRACE org.hayabaya.RunSettings: entry with (4)
189  TRACE org.hayabaya.RunSettings: exit
192  TRACE org.hayabaya.RunSettings: entry with (inteli7, small, 4)
194  TRACE org.hayabaya.RunSettings: entry with (inteli7)
194  TRACE org.hayabaya.RunSettings: exit
195  TRACE org.hayabaya.RunSettings: entry with (small)
195  TRACE org.hayabaya.RunSettings: entry with ([10, 20, 1], [10, 200, 20])
195  TRACE org.hayabaya.RunSettings: entry with (10, 20, 1)
195  TRACE org.hayabaya.RunSettings: entry with ([10, 11, 12, 13, 14, 15, 16, 17, 18, 19, 20])
195  TRACE org.hayabaya.RunSettings: exit with ([10, 11, 12, 13, 14, 15, 16, 17, 18, 19, 20])
196  TRACE org.hayabaya.RunSettings: exit with ([10, 11, 12, 13, 14, 15, 16, 17, 18, 19, 20])
196  TRACE org.hayabaya.RunSettings: entry with (10, 200, 20)
196  TRACE org.hayabaya.RunSettings: entry with ([10, 30, 50, 70, 90, 110, 130, 150, 170, 190, 210])
196  TRACE org.hayabaya.RunSettings: exit with ([10, 30, 50, 70, 90, 110, 130, 150, 170, 190, 210])
196  TRACE org.hayabaya.RunSettings: exit with ([10, 30, 50, 70, 90, 110, 130, 150, 170, 190, 210])
196  TRACE org.hayabaya.RunSettings: exit
196  TRACE org.hayabaya.RunSettings: exit
197  TRACE org.hayabaya.RunSettings: entry with (4)
197  TRACE org.hayabaya.RunSettings: exit
203  TRACE org.hayabaya.RunSettings: entry with (inteli7, small, 4)
205  TRACE org.hayabaya.RunSettings: entry with (inteli7)
205  TRACE org.hayabaya.RunSettings: exit
205  TRACE org.hayabaya.RunSettings: entry with (small)
206  TRACE org.hayabaya.RunSettings: entry with ([10, 20, 1], [10, 200, 20])
206  TRACE org.hayabaya.RunSettings: entry with (10, 20, 1)
206  TRACE org.hayabaya.RunSettings: entry with ([10, 11, 12, 13, 14, 15, 16, 17, 18, 19, 20])
206  TRACE org.hayabaya.RunSettings: exit with ([10, 11, 12, 13, 14, 15, 16, 17, 18, 19, 20])
206  TRACE org.hayabaya.RunSettings: exit with ([10, 11, 12, 13, 14, 15, 16, 17, 18, 19, 20])
206  TRACE org.hayabaya.RunSettings: entry with (10, 200, 20)
206  TRACE org.hayabaya.RunSettings: entry with ([10, 30, 50, 70, 90, 110, 130, 150, 170, 190, 210])
207  TRACE org.hayabaya.RunSettings: exit with ([10, 30, 50, 70, 90, 110, 130, 150, 170, 190, 210])
207  TRACE org.hayabaya.RunSettings: exit with ([10, 30, 50, 70, 90, 110, 130, 150, 170, 190, 210])
207  TRACE org.hayabaya.RunSettings: exit
207  TRACE org.hayabaya.RunSettings: exit
207  TRACE org.hayabaya.RunSettings: entry with (4)
207  TRACE org.hayabaya.RunSettings: exit
184  TRACE org.hayabaya.RunSettings: entry with (inteli7, small, 4)
186  TRACE org.hayabaya.RunSettings: entry with (inteli7)
187  TRACE org.hayabaya.RunSettings: exit
187  TRACE org.hayabaya.RunSettings: entry with (small)
187  TRACE org.hayabaya.RunSettings: entry with ([10, 20, 1], [10, 200, 20])
187  TRACE org.hayabaya.RunSettings: entry with (10, 20, 1)
187  TRACE org.hayabaya.RunSettings: entry with ([10, 11, 12, 13, 14, 15, 16, 17, 18, 19, 20])
187  TRACE org.hayabaya.RunSettings: exit with ([10, 11, 12, 13, 14, 15, 16, 17, 18, 19, 20])
188  TRACE org.hayabaya.RunSettings: exit with ([10, 11, 12, 13, 14, 15, 16, 17, 18, 19, 20])
188  TRACE org.hayabaya.RunSettings: entry with (10, 200, 20)
188  TRACE org.hayabaya.RunSettings: entry with ([10, 30, 50, 70, 90, 110, 130, 150, 170, 190, 210])
188  TRACE org.hayabaya.RunSettings: exit with ([10, 30, 50, 70, 90, 110, 130, 150, 170, 190, 210])
188  TRACE org.hayabaya.RunSettings: exit with ([10, 30, 50, 70, 90, 110, 130, 150, 170, 190, 210])
188  TRACE org.hayabaya.RunSettings: exit
188  TRACE org.hayabaya.RunSettings: exit
189  TRACE org.hayabaya.RunSettings: entry with (4)
189  TRACE org.hayabaya.RunSettings: exit
180  TRACE org.hayabaya.RunSettings: entry with (inteli7, small, 4)
183  TRACE org.hayabaya.RunSettings: entry with (inteli7)
184  TRACE org.hayabaya.RunSettings: exit
184  TRACE org.hayabaya.RunSettings: entry with (small)
184  TRACE org.hayabaya.RunSettings: entry with ([10, 20, 1], [10, 200, 20])
184  TRACE org.hayabaya.RunSettings: entry with (10, 20, 1)
184  TRACE org.hayabaya.RunSettings: entry with ([10, 11, 12, 13, 14, 15, 16, 17, 18, 19, 20])
184  TRACE org.hayabaya.RunSettings: exit with ([10, 11, 12, 13, 14, 15, 16, 17, 18, 19, 20])
185  TRACE org.hayabaya.RunSettings: exit with ([10, 11, 12, 13, 14, 15, 16, 17, 18, 19, 20])
185  TRACE org.hayabaya.RunSettings: entry with (10, 200, 20)
185  TRACE org.hayabaya.RunSettings: entry with ([10, 30, 50, 70, 90, 110, 130, 150, 170, 190, 210])
185  TRACE org.hayabaya.RunSettings: exit with ([10, 30, 50, 70, 90, 110, 130, 150, 170, 190, 210])
185  TRACE org.hayabaya.RunSettings: exit with ([10, 30, 50, 70, 90, 110, 130, 150, 170, 190, 210])
185  TRACE org.hayabaya.RunSettings: exit
185  TRACE org.hayabaya.RunSettings: exit
185  TRACE org.hayabaya.RunSettings: entry with (4)
185  TRACE org.hayabaya.RunSettings: exit
185  TRACE org.hayabaya.RunSettings: entry with (inteli7, small, 4)
214  DEBUG org.hayabaya.MainClass: TAG, the date is: Fri Aug 07 20:55:07 CEST 2015
214  TRACE org.hayabaya.RunSettings: entry with (inteli7)
214  TRACE org.hayabaya.RunSettings: exit
215  TRACE org.hayabaya.RunSettings: entry with (small)
215  TRACE org.hayabaya.RunSettings: entry with ([10, 20, 1], [10, 200, 20])
215  TRACE org.hayabaya.RunSettings: entry with (10, 20, 1)
215  TRACE org.hayabaya.RunSettings: entry with ([10, 11, 12, 13, 14, 15, 16, 17, 18, 19, 20])
215  TRACE org.hayabaya.RunSettings: exit with ([10, 11, 12, 13, 14, 15, 16, 17, 18, 19, 20])
215  TRACE org.hayabaya.RunSettings: exit with ([10, 11, 12, 13, 14, 15, 16, 17, 18, 19, 20])
216  TRACE org.hayabaya.RunSettings: entry with (10, 200, 20)
216  TRACE org.hayabaya.RunSettings: entry with ([10, 30, 50, 70, 90, 110, 130, 150, 170, 190, 210])
216  TRACE org.hayabaya.RunSettings: exit with ([10, 30, 50, 70, 90, 110, 130, 150, 170, 190, 210])
216  TRACE org.hayabaya.RunSettings: exit with ([10, 30, 50, 70, 90, 110, 130, 150, 170, 190, 210])
216  TRACE org.hayabaya.RunSettings: exit
216  TRACE org.hayabaya.RunSettings: exit
216  TRACE org.hayabaya.RunSettings: entry with (4)
216  TRACE org.hayabaya.RunSettings: exit
188  TRACE org.hayabaya.RunSettings: entry with (inteli7, small, 4)
194  INFO  org.hayabaya.MainClass: TAG, the date is: Fri Aug 07 20:55:54 CEST 2015
195  TRACE org.hayabaya.RunSettings: entry with (inteli7)
195  TRACE org.hayabaya.RunSettings: exit
195  TRACE org.hayabaya.RunSettings: entry with (small)
195  TRACE org.hayabaya.RunSettings: entry with ([10, 20, 1], [10, 200, 20])
195  TRACE org.hayabaya.RunSettings: entry with (10, 20, 1)
196  TRACE org.hayabaya.RunSettings: entry with ([10, 11, 12, 13, 14, 15, 16, 17, 18, 19, 20])
196  TRACE org.hayabaya.RunSettings: exit with ([10, 11, 12, 13, 14, 15, 16, 17, 18, 19, 20])
196  TRACE org.hayabaya.RunSettings: exit with ([10, 11, 12, 13, 14, 15, 16, 17, 18, 19, 20])
196  TRACE org.hayabaya.RunSettings: entry with (10, 200, 20)
196  TRACE org.hayabaya.RunSettings: entry with ([10, 30, 50, 70, 90, 110, 130, 150, 170, 190, 210])
196  TRACE org.hayabaya.RunSettings: exit with ([10, 30, 50, 70, 90, 110, 130, 150, 170, 190, 210])
197  TRACE org.hayabaya.RunSettings: exit with ([10, 30, 50, 70, 90, 110, 130, 150, 170, 190, 210])
197  TRACE org.hayabaya.RunSettings: exit
197  TRACE org.hayabaya.RunSettings: exit
197  TRACE org.hayabaya.RunSettings: entry with (4)
197  TRACE org.hayabaya.RunSettings: exit
183  TRACE org.hayabaya.RunSettings: entry with (inteli7, small, 4)
188  INFO  org.hayabaya.MainClass: TAG, the date is: Fri Aug 07 20:57:22 CEST 2015
188  TRACE org.hayabaya.RunSettings: entry with (inteli7)
189  TRACE org.hayabaya.RunSettings: exit
189  TRACE org.hayabaya.RunSettings: entry with (small)
189  TRACE org.hayabaya.RunSettings: entry with ([10, 20, 1], [10, 200, 20])
189  TRACE org.hayabaya.RunSettings: entry with (10, 20, 1)
189  TRACE org.hayabaya.RunSettings: entry with ([10, 11, 12, 13, 14, 15, 16, 17, 18, 19, 20])
189  TRACE org.hayabaya.RunSettings: exit with ([10, 11, 12, 13, 14, 15, 16, 17, 18, 19, 20])
189  TRACE org.hayabaya.RunSettings: exit with ([10, 11, 12, 13, 14, 15, 16, 17, 18, 19, 20])
190  TRACE org.hayabaya.RunSettings: entry with (10, 200, 20)
190  TRACE org.hayabaya.RunSettings: entry with ([10, 30, 50, 70, 90, 110, 130, 150, 170, 190, 210])
190  TRACE org.hayabaya.RunSettings: exit with ([10, 30, 50, 70, 90, 110, 130, 150, 170, 190, 210])
190  TRACE org.hayabaya.RunSettings: exit with ([10, 30, 50, 70, 90, 110, 130, 150, 170, 190, 210])
190  TRACE org.hayabaya.RunSettings: exit
190  TRACE org.hayabaya.RunSettings: exit
190  TRACE org.hayabaya.RunSettings: entry with (4)
190  TRACE org.hayabaya.RunSettings: exit
185  TRACE org.hayabaya.RunSettings: entry with (inteli7, small, 4)
190  INFO  org.hayabaya.MainClass: TAG, the date is: Fri Aug 07 21:04:19 CEST 2015
191  TRACE org.hayabaya.RunSettings: entry with (inteli7)
191  TRACE org.hayabaya.RunSettings: exit
191  TRACE org.hayabaya.RunSettings: entry with (small)
191  TRACE org.hayabaya.RunSettings: entry with ([10, 20, 1], [10, 200, 20])
191  TRACE org.hayabaya.RunSettings: entry with (10, 20, 1)
191  TRACE org.hayabaya.RunSettings: entry with ([10, 11, 12, 13, 14, 15, 16, 17, 18, 19, 20])
191  TRACE org.hayabaya.RunSettings: exit with ([10, 11, 12, 13, 14, 15, 16, 17, 18, 19, 20])
192  TRACE org.hayabaya.RunSettings: exit with ([10, 11, 12, 13, 14, 15, 16, 17, 18, 19, 20])
192  TRACE org.hayabaya.RunSettings: entry with (10, 200, 20)
192  TRACE org.hayabaya.RunSettings: entry with ([10, 30, 50, 70, 90, 110, 130, 150, 170, 190, 210])
192  TRACE org.hayabaya.RunSettings: exit with ([10, 30, 50, 70, 90, 110, 130, 150, 170, 190, 210])
192  TRACE org.hayabaya.RunSettings: exit with ([10, 30, 50, 70, 90, 110, 130, 150, 170, 190, 210])
192  TRACE org.hayabaya.RunSettings: exit
192  TRACE org.hayabaya.RunSettings: exit
193  TRACE org.hayabaya.RunSettings: entry with (4)
193  TRACE org.hayabaya.RunSettings: exit
185  TRACE org.hayabaya.RunSettings: entry with (inteli7, small, 4)
190  INFO  org.hayabaya.MainClass: TAG, the date is: Fri Aug 07 21:05:07 CEST 2015
190  TRACE org.hayabaya.RunSettings: entry with (inteli7)
191  TRACE org.hayabaya.RunSettings: exit
191  TRACE org.hayabaya.RunSettings: entry with (small)
191  TRACE org.hayabaya.RunSettings: entry with ([10, 20, 1], [10, 200, 20])
191  TRACE org.hayabaya.RunSettings: entry with (10, 20, 1)
191  TRACE org.hayabaya.RunSettings: entry with ([10, 11, 12, 13, 14, 15, 16, 17, 18, 19, 20])
191  TRACE org.hayabaya.RunSettings: exit with ([10, 11, 12, 13, 14, 15, 16, 17, 18, 19, 20])
191  TRACE org.hayabaya.RunSettings: exit with ([10, 11, 12, 13, 14, 15, 16, 17, 18, 19, 20])
192  TRACE org.hayabaya.RunSettings: entry with (10, 200, 20)
192  TRACE org.hayabaya.RunSettings: entry with ([10, 30, 50, 70, 90, 110, 130, 150, 170, 190, 210])
192  TRACE org.hayabaya.RunSettings: exit with ([10, 30, 50, 70, 90, 110, 130, 150, 170, 190, 210])
192  TRACE org.hayabaya.RunSettings: exit with ([10, 30, 50, 70, 90, 110, 130, 150, 170, 190, 210])
192  TRACE org.hayabaya.RunSettings: exit
192  TRACE org.hayabaya.RunSettings: exit
192  TRACE org.hayabaya.RunSettings: entry with (4)
192  TRACE org.hayabaya.RunSettings: exit
186  TRACE org.hayabaya.RunSettings: entry with (Inteli7, small, 1)
191  INFO  org.hayabaya.MainClass: TAG, the date is: Fri Aug 07 21:07:07 CEST 2015
191  TRACE org.hayabaya.RunSettings: entry with (Inteli7)
191  TRACE org.hayabaya.RunSettings: exit
191  TRACE org.hayabaya.RunSettings: entry with (small)
191  TRACE org.hayabaya.RunSettings: entry with ([10, 20, 1], [10, 200, 20])
192  TRACE org.hayabaya.RunSettings: entry with (10, 20, 1)
192  TRACE org.hayabaya.RunSettings: entry with ([10, 11, 12, 13, 14, 15, 16, 17, 18, 19, 20])
192  TRACE org.hayabaya.RunSettings: exit with ([10, 11, 12, 13, 14, 15, 16, 17, 18, 19, 20])
192  TRACE org.hayabaya.RunSettings: exit with ([10, 11, 12, 13, 14, 15, 16, 17, 18, 19, 20])
192  TRACE org.hayabaya.RunSettings: entry with (10, 200, 20)
193  TRACE org.hayabaya.RunSettings: entry with ([10, 30, 50, 70, 90, 110, 130, 150, 170, 190, 210])
193  TRACE org.hayabaya.RunSettings: exit with ([10, 30, 50, 70, 90, 110, 130, 150, 170, 190, 210])
193  TRACE org.hayabaya.RunSettings: exit with ([10, 30, 50, 70, 90, 110, 130, 150, 170, 190, 210])
193  TRACE org.hayabaya.RunSettings: exit
193  TRACE org.hayabaya.RunSettings: exit
193  TRACE org.hayabaya.RunSettings: entry with (1)
194  TRACE org.hayabaya.RunSettings: exit
199  TRACE org.hayabaya.RunSettings: entry with (Inteli7, small, 1)
205  INFO  org.hayabaya.MainClass: TAG, the date is: Fri Aug 07 21:07:49 CEST 2015
205  TRACE org.hayabaya.RunSettings: entry with (Inteli7)
205  TRACE org.hayabaya.RunSettings: exit
206  TRACE org.hayabaya.RunSettings: entry with (small)
206  TRACE org.hayabaya.RunSettings: entry with ([10, 20, 1], [10, 200, 20])
206  TRACE org.hayabaya.RunSettings: entry with (10, 20, 1)
206  TRACE org.hayabaya.RunSettings: entry with ([10, 11, 12, 13, 14, 15, 16, 17, 18, 19, 20])
206  TRACE org.hayabaya.RunSettings: exit with ([10, 11, 12, 13, 14, 15, 16, 17, 18, 19, 20])
206  TRACE org.hayabaya.RunSettings: exit with ([10, 11, 12, 13, 14, 15, 16, 17, 18, 19, 20])
206  TRACE org.hayabaya.RunSettings: entry with (10, 200, 20)
207  TRACE org.hayabaya.RunSettings: entry with ([10, 30, 50, 70, 90, 110, 130, 150, 170, 190, 210])
207  TRACE org.hayabaya.RunSettings: exit with ([10, 30, 50, 70, 90, 110, 130, 150, 170, 190, 210])
207  TRACE org.hayabaya.RunSettings: exit with ([10, 30, 50, 70, 90, 110, 130, 150, 170, 190, 210])
207  TRACE org.hayabaya.RunSettings: exit
207  TRACE org.hayabaya.RunSettings: exit
207  TRACE org.hayabaya.RunSettings: entry with (1)
207  TRACE org.hayabaya.RunSettings: exit
191  TRACE org.hayabaya.RunSettings: entry with (Inteli7, small, 1)
196  INFO  org.hayabaya.MainClass: TAG, the date is: Fri Aug 07 21:09:11 CEST 2015
196  TRACE org.hayabaya.RunSettings: entry with (Inteli7)
196  TRACE org.hayabaya.RunSettings: exit
196  TRACE org.hayabaya.RunSettings: entry with (small)
197  TRACE org.hayabaya.RunSettings: entry with ([10, 20, 1], [10, 200, 20])
197  TRACE org.hayabaya.RunSettings: entry with (10, 20, 1)
197  TRACE org.hayabaya.RunSettings: entry with ([10, 11, 12, 13, 14, 15, 16, 17, 18, 19, 20])
197  TRACE org.hayabaya.RunSettings: exit with ([10, 11, 12, 13, 14, 15, 16, 17, 18, 19, 20])
197  TRACE org.hayabaya.RunSettings: exit with ([10, 11, 12, 13, 14, 15, 16, 17, 18, 19, 20])
197  TRACE org.hayabaya.RunSettings: entry with (10, 200, 20)
197  TRACE org.hayabaya.RunSettings: entry with ([10, 30, 50, 70, 90, 110, 130, 150, 170, 190, 210])
198  TRACE org.hayabaya.RunSettings: exit with ([10, 30, 50, 70, 90, 110, 130, 150, 170, 190, 210])
198  TRACE org.hayabaya.RunSettings: exit with ([10, 30, 50, 70, 90, 110, 130, 150, 170, 190, 210])
198  TRACE org.hayabaya.RunSettings: exit
198  TRACE org.hayabaya.RunSettings: exit
198  TRACE org.hayabaya.RunSettings: entry with (1)
198  TRACE org.hayabaya.RunSettings: exit
198  TRACE org.hayabaya.RunSettings: entry with (Inteli7, small, 1)
203  INFO  org.hayabaya.MainClass: TAG, the date is: Fri Aug 07 21:09:40 CEST 2015
203  TRACE org.hayabaya.RunSettings: entry with (Inteli7)
203  TRACE org.hayabaya.RunSettings: exit
203  TRACE org.hayabaya.RunSettings: entry with (small)
203  TRACE org.hayabaya.RunSettings: entry with ([10, 20, 1], [10, 200, 20])
204  TRACE org.hayabaya.RunSettings: entry with (10, 20, 1)
204  TRACE org.hayabaya.RunSettings: entry with ([10, 11, 12, 13, 14, 15, 16, 17, 18, 19, 20])
204  TRACE org.hayabaya.RunSettings: exit with ([10, 11, 12, 13, 14, 15, 16, 17, 18, 19, 20])
204  TRACE org.hayabaya.RunSettings: exit with ([10, 11, 12, 13, 14, 15, 16, 17, 18, 19, 20])
204  TRACE org.hayabaya.RunSettings: entry with (10, 200, 20)
204  TRACE org.hayabaya.RunSettings: entry with ([10, 30, 50, 70, 90, 110, 130, 150, 170, 190, 210])
204  TRACE org.hayabaya.RunSettings: exit with ([10, 30, 50, 70, 90, 110, 130, 150, 170, 190, 210])
205  TRACE org.hayabaya.RunSettings: exit with ([10, 30, 50, 70, 90, 110, 130, 150, 170, 190, 210])
205  TRACE org.hayabaya.RunSettings: exit
205  TRACE org.hayabaya.RunSettings: exit
205  TRACE org.hayabaya.RunSettings: entry with (1)
205  TRACE org.hayabaya.RunSettings: exit
191  TRACE org.hayabaya.RunSettings: entry with (Inteli7, small, 1)
197  INFO  org.hayabaya.MainClass: TAG, the date is: Fri Aug 07 21:11:22 CEST 2015
198  TRACE org.hayabaya.RunSettings: entry with (Inteli7)
198  TRACE org.hayabaya.RunSettings: exit
198  TRACE org.hayabaya.RunSettings: entry with (small)
198  TRACE org.hayabaya.RunSettings: entry with ([10, 20, 1], [10, 200, 20])
198  TRACE org.hayabaya.RunSettings: entry with (10, 20, 1)
199  TRACE org.hayabaya.RunSettings: entry with ([10, 11, 12, 13, 14, 15, 16, 17, 18, 19, 20])
199  TRACE org.hayabaya.RunSettings: exit with ([10, 11, 12, 13, 14, 15, 16, 17, 18, 19, 20])
199  TRACE org.hayabaya.RunSettings: exit with ([10, 11, 12, 13, 14, 15, 16, 17, 18, 19, 20])
199  TRACE org.hayabaya.RunSettings: entry with (10, 200, 20)
199  TRACE org.hayabaya.RunSettings: entry with ([10, 30, 50, 70, 90, 110, 130, 150, 170, 190, 210])
199  TRACE org.hayabaya.RunSettings: exit with ([10, 30, 50, 70, 90, 110, 130, 150, 170, 190, 210])
199  TRACE org.hayabaya.RunSettings: exit with ([10, 30, 50, 70, 90, 110, 130, 150, 170, 190, 210])
199  TRACE org.hayabaya.RunSettings: exit
200  TRACE org.hayabaya.RunSettings: exit
200  TRACE org.hayabaya.RunSettings: entry with (1)
200  TRACE org.hayabaya.RunSettings: exit
192  TRACE org.hayabaya.RunSettings: entry with (Inteli7, small, 1)
197  INFO  org.hayabaya.MainClass: TAG, the date is: Fri Aug 07 21:11:52 CEST 2015
198  TRACE org.hayabaya.RunSettings: entry with (Inteli7)
198  TRACE org.hayabaya.RunSettings: exit
198  TRACE org.hayabaya.RunSettings: entry with (small)
198  TRACE org.hayabaya.RunSettings: entry with ([10, 20, 1], [10, 200, 20])
198  TRACE org.hayabaya.RunSettings: entry with (10, 20, 1)
198  TRACE org.hayabaya.RunSettings: entry with ([10, 11, 12, 13, 14, 15, 16, 17, 18, 19, 20])
199  TRACE org.hayabaya.RunSettings: exit with ([10, 11, 12, 13, 14, 15, 16, 17, 18, 19, 20])
199  TRACE org.hayabaya.RunSettings: exit with ([10, 11, 12, 13, 14, 15, 16, 17, 18, 19, 20])
199  TRACE org.hayabaya.RunSettings: entry with (10, 200, 20)
199  TRACE org.hayabaya.RunSettings: entry with ([10, 30, 50, 70, 90, 110, 130, 150, 170, 190, 210])
199  TRACE org.hayabaya.RunSettings: exit with ([10, 30, 50, 70, 90, 110, 130, 150, 170, 190, 210])
199  TRACE org.hayabaya.RunSettings: exit with ([10, 30, 50, 70, 90, 110, 130, 150, 170, 190, 210])
199  TRACE org.hayabaya.RunSettings: exit
200  TRACE org.hayabaya.RunSettings: exit
200  TRACE org.hayabaya.RunSettings: entry with (1)
200  TRACE org.hayabaya.RunSettings: exit
